[MFLOG|0|2024-12-12T10:09:14.521569Z|runtime|9b3a35a6-24a8-407a-b91a-2c70dd2f4f90]Downloading artifacts:   0%|          | 0/12 [00:00<?, ?it/s]Downloading artifacts:   8%|▊         | 1/12 [00:00<00:00, 3146.51it/s]Downloading artifacts:  17%|█▋        | 2/12 [00:00<00:00, 3938.31it/s]Downloading artifacts:  25%|██▌       | 3/12 [00:00<00:00, 5129.60it/s]Downloading artifacts:  33%|███▎      | 4/12 [00:00<00:00, 6223.00it/s]Downloading artifacts:  42%|████▏     | 5/12 [00:00<00:00, 7186.95it/s]Downloading artifacts:  50%|█████     | 6/12 [00:00<00:00, 8055.64it/s]Downloading artifacts:  58%|█████▊    | 7/12 [00:00<00:00, 8830.11it/s]Downloading artifacts:  67%|██████▋   | 8/12 [00:00<00:00, 9548.79it/s]Downloading artifacts:  75%|███████▌  | 9/12 [00:00<00:00, 10183.10it/s]Downloading artifacts:  83%|████████▎ | 10/12 [00:00<00:00, 10754.63it/s]Downloading artifacts:  92%|█████████▏| 11/12 [00:00<00:00, 130.46it/s]  Downloading artifacts: 100%|██████████| 12/12 [00:00<00:00, 38.93it/s] Downloading artifacts: 100%|██████████| 12/12 [00:00<00:00, 38.93it/s]Downloading artifacts: 100%|██████████| 12/12 [00:00<00:00, 38.84it/s]
[MFLOG|0|2024-12-12T10:09:16.059112Z|runtime|e2b8f41b-8394-4f55-9f66-f19823fbd04e]2024/12/12 11:09:16 INFO mlflow.sagemaker: Using the python_function flavor for deployment!
[MFLOG|0|2024-12-12T10:09:19.761320Z|runtime|5a1a337f-0fb6-4707-9513-9a387ea49eb1]2024/12/12 11:09:19 INFO mlflow.sagemaker: No model data bucket specified, using the default bucket
[MFLOG|0|2024-12-12T10:09:21.876626Z|runtime|e5f667a7-f517-4bcd-a345-570967fecbe9]2024/12/12 11:09:21 INFO mlflow.sagemaker: Default bucket `mlflow-sagemaker-us-east-1-025066244860` already exists. Skipping creation.
[MFLOG|0|2024-12-12T10:09:23.751735Z|runtime|ad17da96-22df-4349-992b-4ea72ec6b0ec]2024/12/12 11:09:23 INFO mlflow.sagemaker: tag response: {'ResponseMetadata': {'RequestId': 'Y9WQ7P8TMECQN8X0', 'HostId': '/zOrjOT8+eEzrHt/oD1yVeGGx/SlUbjeTNKCZU9Bn8LEwqXiZEaUfFKAX/rAzBhY1j/1k1/872/XCsMSnebObnOYirJHSGoB', 'HTTPStatusCode': 200, 'HTTPHeaders': {'x-amz-id-2': '/zOrjOT8+eEzrHt/oD1yVeGGx/SlUbjeTNKCZU9Bn8LEwqXiZEaUfFKAX/rAzBhY1j/1k1/872/XCsMSnebObnOYirJHSGoB', 'x-amz-request-id': 'Y9WQ7P8TMECQN8X0', 'date': 'Thu, 12 Dec 2024 10:09:24 GMT', 'content-length': '0', 'server': 'AmazonS3'}, 'RetryAttempts': 0}}
[MFLOG|0|2024-12-12T10:09:23.759171Z|runtime|d09f5b93-72e5-4133-a9a9-ca771c170e5a]2024/12/12 11:09:23 INFO mlflow.sagemaker: Creating new endpoint with name: dailyweather061 ...
[MFLOG|0|2024-12-12T10:09:24.832756Z|runtime|60791e44-8a66-43da-821a-3844b2de92a3]2024/12/12 11:09:24 INFO mlflow.sagemaker: Created model with arn: arn:aws:sagemaker:us-east-1:025066244860:model/dailyweather061-model-2124a52a06c841e4aee3
[MFLOG|0|2024-12-12T10:09:25.260535Z|runtime|55f7caa0-7ce3-4eae-bd7f-925710987b8f]2024/12/12 11:09:25 INFO mlflow.sagemaker: Created endpoint configuration with arn: arn:aws:sagemaker:us-east-1:025066244860:endpoint-config/dailyweather061-config-4518b7c4098c40dd8c58
[MFLOG|0|2024-12-12T10:09:25.915797Z|runtime|09e4da0d-c11f-46c9-987f-2249171ebbc6]2024/12/12 11:09:25 INFO mlflow.sagemaker: Created endpoint with arn: arn:aws:sagemaker:us-east-1:025066244860:endpoint/dailyweather061
[MFLOG|0|2024-12-12T10:09:25.916230Z|runtime|d73d17a6-907c-4b6c-9b12-7a51803815e8]2024/12/12 11:09:25 INFO mlflow.sagemaker: Waiting for the deployment operation to complete...
[MFLOG|0|2024-12-12T10:09:26.074762Z|runtime|bc2bbc89-9c8c-4c4d-ba2b-e227c0c6f450]2024/12/12 11:09:26 INFO mlflow.sagemaker: Waiting for endpoint to reach the "InService" state. Current endpoint status: "Creating"
[MFLOG|0|2024-12-12T10:09:46.645365Z|runtime|e1eabd2f-b2eb-43b2-bfae-c3a9a32f6cab]2024/12/12 11:09:46 INFO mlflow.sagemaker: Waiting for endpoint to reach the "InService" state. Current endpoint status: "Creating"
[MFLOG|0|2024-12-12T10:10:07.245567Z|runtime|14cbec95-ce60-4de6-94f2-6ee2f57d6658]2024/12/12 11:10:07 INFO mlflow.sagemaker: Waiting for endpoint to reach the "InService" state. Current endpoint status: "Creating"
[MFLOG|0|2024-12-12T10:10:27.826283Z|runtime|6e63cf40-b29b-4743-8e66-cb9958397b05]2024/12/12 11:10:27 INFO mlflow.sagemaker: Waiting for endpoint to reach the "InService" state. Current endpoint status: "Creating"
[MFLOG|0|2024-12-12T10:10:48.426633Z|runtime|02e40381-f62b-460f-8a57-f5014ff4c7dd]2024/12/12 11:10:48 INFO mlflow.sagemaker: Waiting for endpoint to reach the "InService" state. Current endpoint status: "Creating"
[MFLOG|0|2024-12-12T10:11:09.006775Z|runtime|8a26ccef-03f9-40f9-8e6f-bd657ec16382]2024/12/12 11:11:09 INFO mlflow.sagemaker: Waiting for endpoint to reach the "InService" state. Current endpoint status: "Creating"
[MFLOG|0|2024-12-12T10:11:29.654567Z|runtime|fa80fb8c-0a22-4536-8b3e-cf4223159be9]2024/12/12 11:11:29 INFO mlflow.sagemaker: Waiting for endpoint to reach the "InService" state. Current endpoint status: "Creating"
[MFLOG|0|2024-12-12T10:11:50.224123Z|runtime|e8316306-e841-4041-b118-2939f479d8d4]2024/12/12 11:11:50 INFO mlflow.sagemaker: Waiting for endpoint to reach the "InService" state. Current endpoint status: "Creating"
[MFLOG|0|2024-12-12T10:12:10.814415Z|runtime|c48aff93-5ff4-4a4e-9919-c78fb5950f07]2024/12/12 11:12:10 INFO mlflow.sagemaker: Waiting for endpoint to reach the "InService" state. Current endpoint status: "Creating"
[MFLOG|0|2024-12-12T10:12:31.406117Z|runtime|4cf3af00-4ab7-4faf-bdda-c17d0ad33c9f]2024/12/12 11:12:31 INFO mlflow.sagemaker: Waiting for endpoint to reach the "InService" state. Current endpoint status: "Creating"
[MFLOG|0|2024-12-12T10:12:52.045868Z|runtime|237871d7-cab3-4f47-a132-fbe0b3aa89a5]2024/12/12 11:12:52 INFO mlflow.sagemaker: Waiting for endpoint to reach the "InService" state. Current endpoint status: "Creating"
[MFLOG|0|2024-12-12T10:12:57.197296Z|runtime|4ef651fd-dc22-4fa3-8c1f-b756bf4da643]2024/12/12 11:12:57 INFO mlflow.sagemaker: The deployment operation completed successfully with message: "The SageMaker endpoint was created successfully."
