[MFLOG|0|2024-11-15T10:27:19.486466Z|runtime|86a9a289-5864-4109-81d6-bd69daac1679]
[MFLOG|0|2024-11-15T10:27:19.486623Z|runtime|6ad3bf48-29a8-4a96-8f93-d9537d45db1f]Model Performance Metrics:
[MFLOG|0|2024-11-15T10:27:19.486683Z|runtime|baf2d7a2-811c-46bd-9334-2be76312f8a3]Accuracy: 1.0000
[MFLOG|0|2024-11-15T10:27:19.486733Z|runtime|ee9d2dec-39d1-4384-9cd9-b488f68b1c2f]Precision: 1.0000
[MFLOG|0|2024-11-15T10:27:19.486779Z|runtime|4444fe2d-e33e-4c36-9c40-38caa23b2d63]Recall: 1.0000
[MFLOG|0|2024-11-15T10:27:19.486824Z|runtime|295e5665-abb8-4a23-b407-d60e3538d23f]F1 Score: 1.0000
[MFLOG|0|2024-11-15T10:27:19.486882Z|runtime|f2aa9d62-cafd-4002-a457-111d1f7e9d0e]
[MFLOG|0|2024-11-15T10:27:19.486927Z|runtime|f38ee2a8-74b0-48b5-a2dc-a2ea7433cb45]Confusion Matrix:
[MFLOG|0|2024-11-15T10:27:19.486975Z|runtime|64ab5579-27e8-4983-8f84-7b4b9e242402][[328   0]
[MFLOG|0|2024-11-15T10:27:19.489342Z|runtime|6be627d4-3331-464e-8849-4edddf562512] [  0  47]]
[MFLOG|0|2024-11-15T10:27:19.489388Z|runtime|c36f278e-45db-4687-adec-01133500f032]
[MFLOG|0|2024-11-15T10:27:19.489429Z|runtime|dcc0110a-10cd-4f49-a0a7-5ea9db79ca5f]Detailed Classification Report:
[MFLOG|0|2024-11-15T10:27:19.489466Z|runtime|60052b55-af8d-4f18-8e22-61faedb38b20]              precision    recall  f1-score   support
[MFLOG|0|2024-11-15T10:27:19.489713Z|runtime|b6dd80b4-f1a7-45e8-a7bd-130a7faa8f17]
[MFLOG|0|2024-11-15T10:27:19.489751Z|runtime|7742131a-6b9d-4d76-9e01-b0457a713796]         0.0       1.00      1.00      1.00       328
[MFLOG|0|2024-11-15T10:27:19.489786Z|runtime|52b4b263-9746-4810-8a9a-22e22686a265]         1.0       1.00      1.00      1.00        47
[MFLOG|0|2024-11-15T10:27:19.489820Z|runtime|e9fcd026-950a-4ff4-a2cd-178503c23a87]
[MFLOG|0|2024-11-15T10:27:19.489854Z|runtime|50187c08-8d5b-441f-95a1-2736270d8e49]    accuracy                           1.00       375
[MFLOG|0|2024-11-15T10:27:19.489887Z|runtime|1f6b840a-d583-48c6-a890-ba876ec08441]   macro avg       1.00      1.00      1.00       375
[MFLOG|0|2024-11-15T10:27:19.489921Z|runtime|91dda2ee-13db-4ba2-ab90-c0b3dac2501f]weighted avg       1.00      1.00      1.00       375
[MFLOG|0|2024-11-15T10:27:19.489955Z|runtime|5a8c3654-44f3-4399-a6ee-b5dcff902815]
[MFLOG|0|2024-11-15T10:27:19.489995Z|runtime|19da1e3e-93b9-4834-a434-e7dcb5709c8b]
[MFLOG|0|2024-11-15T10:27:19.492773Z|runtime|b22dd4c9-6955-49cd-96e3-257c083269d3]Top Most Important Features:
[MFLOG|0|2024-11-15T10:27:19.492824Z|runtime|cb22a178-7aca-4031-b6bd-bc2832e0447f]       feature  importance
[MFLOG|0|2024-11-15T10:27:25.447173Z|runtime|6ddb4b29-a25b-4aee-8129-632deb8b6e3c]1     Humidity    0.420812
[MFLOG|0|2024-11-15T10:27:25.447473Z|runtime|59278e58-0652-4632-b7a7-e1c8961dfa3e]3  Cloud_Cover    0.392579
[MFLOG|0|2024-11-15T10:27:25.447583Z|runtime|92b3dc96-c2bb-47b3-8244-2bd063a9cf22]0  Temperature    0.186570
[MFLOG|0|2024-11-15T10:27:25.447658Z|runtime|ca5df0d8-3aa5-40c3-b3ea-836c4b34c751]2   Wind_Speed    0.000039
[MFLOG|0|2024-11-15T10:27:25.447738Z|runtime|3e00adb8-f2e3-4c80-8525-732cdc91ca6f]4     Pressure    0.000000
