[MFLOG|0|2024-12-11T07:45:19.507008Z|runtime|76e6c84e-f873-4aad-8562-a48ff2af34ca]Downloading artifacts:   0%|          | 0/12 [00:00<?, ?it/s]Downloading artifacts:   8%|▊         | 1/12 [00:00<00:00, 3379.78it/s]Downloading artifacts:  17%|█▋        | 2/12 [00:00<00:00, 4050.51it/s]Downloading artifacts:  25%|██▌       | 3/12 [00:00<00:00, 5256.02it/s]Downloading artifacts:  33%|███▎      | 4/12 [00:00<00:00, 6381.60it/s]Downloading artifacts:  42%|████▏     | 5/12 [00:00<00:00, 7366.18it/s]Downloading artifacts:  50%|█████     | 6/12 [00:00<00:00, 8256.50it/s]Downloading artifacts:  58%|█████▊    | 7/12 [00:00<00:00, 9058.97it/s]Downloading artifacts:  67%|██████▋   | 8/12 [00:00<00:00, 9794.05it/s]Downloading artifacts:  75%|███████▌  | 9/12 [00:00<00:00, 10442.25it/s]Downloading artifacts:  83%|████████▎ | 10/12 [00:00<00:00, 11026.04it/s]Downloading artifacts:  92%|█████████▏| 11/12 [00:00<00:00, 138.16it/s]  Downloading artifacts: 100%|██████████| 12/12 [00:00<00:00, 38.86it/s] Downloading artifacts: 100%|██████████| 12/12 [00:00<00:00, 38.86it/s]Downloading artifacts: 100%|██████████| 12/12 [00:00<00:00, 38.76it/s]
[MFLOG|0|2024-12-11T07:45:20.937136Z|runtime|2511fb10-5947-48da-a6aa-88d5e3690e5c]2024/12/11 08:45:20 INFO mlflow.sagemaker: Using the python_function flavor for deployment!
[MFLOG|0|2024-12-11T07:45:24.188465Z|runtime|89d4c129-bf36-4170-8063-bfbdf35e807d]2024/12/11 08:45:24 INFO mlflow.sagemaker: No model data bucket specified, using the default bucket
[MFLOG|0|2024-12-11T07:45:26.645205Z|runtime|d80cdc84-58c1-4518-9213-4d4c4ebb7af2]2024/12/11 08:45:26 INFO mlflow.sagemaker: Default bucket `mlflow-sagemaker-us-east-1-025066244860` already exists. Skipping creation.
[MFLOG|0|2024-12-11T07:45:28.575582Z|runtime|f9b4f645-8152-4d52-808d-f5041fba6ff7]2024/12/11 08:45:28 INFO mlflow.sagemaker: tag response: {'ResponseMetadata': {'RequestId': '5224RGEH1JMZEBR4', 'HostId': 'nD940IngDo2+sXg0qLHRIktNsTY8wAIudE7oIQhzE2BLONAutxwEUh2V394Op/rrNuwOtO1Ovi0=', 'HTTPStatusCode': 200, 'HTTPHeaders': {'x-amz-id-2': 'nD940IngDo2+sXg0qLHRIktNsTY8wAIudE7oIQhzE2BLONAutxwEUh2V394Op/rrNuwOtO1Ovi0=', 'x-amz-request-id': '5224RGEH1JMZEBR4', 'date': 'Wed, 11 Dec 2024 07:45:29 GMT', 'content-length': '0', 'server': 'AmazonS3'}, 'RetryAttempts': 0}}
[MFLOG|0|2024-12-11T07:45:28.582043Z|runtime|56d15987-2120-431e-b6d7-73d5800c824f]2024/12/11 08:45:28 INFO mlflow.sagemaker: Creating new endpoint with name: dailyweather061 ...
[MFLOG|0|2024-12-11T07:45:29.382406Z|runtime|3bc3ba4c-1611-4eaf-9afa-47a356e19c4d]2024/12/11 08:45:29 INFO mlflow.sagemaker: Created model with arn: arn:aws:sagemaker:us-east-1:025066244860:model/dailyweather061-model-022c529dd8d54916a2d7
[MFLOG|0|2024-12-11T07:45:29.890512Z|runtime|dffa68ca-2199-47fd-a70b-3cc75a41d8a5]2024/12/11 08:45:29 INFO mlflow.sagemaker: Created endpoint configuration with arn: arn:aws:sagemaker:us-east-1:025066244860:endpoint-config/dailyweather061-config-25786acc70f8479ab6e3
[MFLOG|0|2024-12-11T07:45:30.602438Z|runtime|6601dd06-3015-4079-a3bf-946a5c5c02f2]2024/12/11 08:45:30 INFO mlflow.sagemaker: Created endpoint with arn: arn:aws:sagemaker:us-east-1:025066244860:endpoint/dailyweather061
[MFLOG|0|2024-12-11T07:45:30.748056Z|runtime|3bd574ec-48cd-493d-9457-19f159c244e2]2024/12/11 08:45:30 INFO mlflow.sagemaker: Waiting for the deployment operation to complete...
[MFLOG|0|2024-12-11T07:45:30.748634Z|runtime|3d547b6c-57ba-4ebf-af55-5ea64c2d42e0]2024/12/11 08:45:30 INFO mlflow.sagemaker: Waiting for endpoint to reach the "InService" state. Current endpoint status: "Creating"
[MFLOG|0|2024-12-11T07:45:51.378166Z|runtime|82640d53-adca-43f6-b926-9141da643c9e]2024/12/11 08:45:51 INFO mlflow.sagemaker: Waiting for endpoint to reach the "InService" state. Current endpoint status: "Creating"
[MFLOG|0|2024-12-11T07:46:11.980715Z|runtime|29b229c5-1573-41a3-a16f-0f3a1af71c73]2024/12/11 08:46:11 INFO mlflow.sagemaker: Waiting for endpoint to reach the "InService" state. Current endpoint status: "Creating"
[MFLOG|0|2024-12-11T07:46:32.580363Z|runtime|c4bdd25b-99cb-4932-8f64-a9fccb157eac]2024/12/11 08:46:32 INFO mlflow.sagemaker: Waiting for endpoint to reach the "InService" state. Current endpoint status: "Creating"
[MFLOG|0|2024-12-11T07:46:53.179048Z|runtime|cbd1624d-b053-4eff-b4c3-ad185e0655bd]2024/12/11 08:46:53 INFO mlflow.sagemaker: Waiting for endpoint to reach the "InService" state. Current endpoint status: "Creating"
[MFLOG|0|2024-12-11T07:47:13.798891Z|runtime|94b5fd79-5936-4655-9d88-db7a358f826a]2024/12/11 08:47:13 INFO mlflow.sagemaker: Waiting for endpoint to reach the "InService" state. Current endpoint status: "Creating"
[MFLOG|0|2024-12-11T07:47:34.386585Z|runtime|02d9fba1-3108-43ae-8c2a-8ba9b2edf62b]2024/12/11 08:47:34 INFO mlflow.sagemaker: Waiting for endpoint to reach the "InService" state. Current endpoint status: "Creating"
[MFLOG|0|2024-12-11T07:47:54.990567Z|runtime|948ab2a3-2016-4648-968e-4ef9c61e1285]2024/12/11 08:47:54 INFO mlflow.sagemaker: Waiting for endpoint to reach the "InService" state. Current endpoint status: "Creating"
[MFLOG|0|2024-12-11T07:48:15.943535Z|runtime|adbca6a4-11d6-4114-acaa-7024d4b6f800]2024/12/11 08:48:15 INFO mlflow.sagemaker: Waiting for endpoint to reach the "InService" state. Current endpoint status: "Creating"
[MFLOG|0|2024-12-11T07:48:36.548576Z|runtime|2365a359-8f32-4799-9a60-9768766b3236]2024/12/11 08:48:36 INFO mlflow.sagemaker: Waiting for endpoint to reach the "InService" state. Current endpoint status: "Creating"
[MFLOG|0|2024-12-11T07:48:57.226262Z|runtime|4e56b280-8653-479b-961e-abbeded9100e]2024/12/11 08:48:57 INFO mlflow.sagemaker: Waiting for endpoint to reach the "InService" state. Current endpoint status: "Creating"
[MFLOG|0|2024-12-11T07:49:18.605988Z|runtime|45ee2fb7-1301-4de0-acd3-abb068301a72]2024/12/11 08:49:18 INFO mlflow.sagemaker: The deployment operation completed successfully with message: "The SageMaker endpoint was created successfully."
