[MFLOG|0|2024-12-12T14:44:12.568351Z|runtime|a473f7c8-daf7-48d1-b317-3abfe7b0bab2]Downloading artifacts:   0%|          | 0/12 [00:00<?, ?it/s]Downloading artifacts:   8%|▊         | 1/12 [00:00<00:00, 3744.91it/s]Downloading artifacts:  17%|█▋        | 2/12 [00:00<00:00, 4619.28it/s]Downloading artifacts:  25%|██▌       | 3/12 [00:00<00:00, 5904.70it/s]Downloading artifacts:  33%|███▎      | 4/12 [00:00<00:00, 7105.98it/s]Downloading artifacts:  42%|████▏     | 5/12 [00:00<00:00, 8131.65it/s]Downloading artifacts:  50%|█████     | 6/12 [00:00<00:00, 8997.43it/s]Downloading artifacts:  58%|█████▊    | 7/12 [00:00<00:00, 9776.93it/s]Downloading artifacts:  67%|██████▋   | 8/12 [00:00<00:00, 10512.04it/s]Downloading artifacts:  75%|███████▌  | 9/12 [00:00<00:00, 11138.61it/s]Downloading artifacts:  83%|████████▎ | 10/12 [00:00<00:00, 11709.39it/s]Downloading artifacts:  92%|█████████▏| 11/12 [00:00<00:00, 127.14it/s]  Downloading artifacts: 100%|██████████| 12/12 [00:00<00:00, 39.43it/s] Downloading artifacts: 100%|██████████| 12/12 [00:00<00:00, 39.43it/s]Downloading artifacts: 100%|██████████| 12/12 [00:00<00:00, 39.33it/s]
[MFLOG|0|2024-12-12T14:44:14.050889Z|runtime|721cc3c7-ca9a-411f-b0ca-acd5e54618e4]2024/12/12 15:44:14 INFO mlflow.sagemaker: Using the python_function flavor for deployment!
[MFLOG|0|2024-12-12T14:44:16.990328Z|runtime|2fa45738-e9b9-4191-b553-24b50cd1cb32]2024/12/12 15:44:16 INFO mlflow.sagemaker: No model data bucket specified, using the default bucket
[MFLOG|0|2024-12-12T14:44:19.180199Z|runtime|f5990e79-de4e-4cf3-873a-81a152f1b47f]2024/12/12 15:44:19 INFO mlflow.sagemaker: Default bucket `mlflow-sagemaker-us-east-1-025066244860` already exists. Skipping creation.
[MFLOG|0|2024-12-12T14:44:21.146297Z|runtime|47d6bf01-e942-4722-a0ad-3a29025bfe96]2024/12/12 15:44:21 INFO mlflow.sagemaker: tag response: {'ResponseMetadata': {'RequestId': '6S5XR5T2PTCET4GV', 'HostId': 'aqU7E1hq/sdZb6MirJTJ1RgWyoPY8Aa2pUv0TpCl7r/fjKE1mrZK+ATaOXWYD5nb+KeCOXzlW8o=', 'HTTPStatusCode': 200, 'HTTPHeaders': {'x-amz-id-2': 'aqU7E1hq/sdZb6MirJTJ1RgWyoPY8Aa2pUv0TpCl7r/fjKE1mrZK+ATaOXWYD5nb+KeCOXzlW8o=', 'x-amz-request-id': '6S5XR5T2PTCET4GV', 'date': 'Thu, 12 Dec 2024 14:44:22 GMT', 'content-length': '0', 'server': 'AmazonS3'}, 'RetryAttempts': 0}}
[MFLOG|0|2024-12-12T14:44:21.152384Z|runtime|5f4125bb-c185-4a0d-8aba-61dcca7c05c0]2024/12/12 15:44:21 INFO mlflow.sagemaker: Creating new endpoint with name: dailyweather061 ...
[MFLOG|0|2024-12-12T14:44:22.122018Z|runtime|0e05b660-fac0-4b8a-ab9e-b18a57976401]2024/12/12 15:44:22 INFO mlflow.sagemaker: Created model with arn: arn:aws:sagemaker:us-east-1:025066244860:model/dailyweather061-model-a389e4bc1faf4e67aa76
[MFLOG|0|2024-12-12T14:44:22.593614Z|runtime|59efbfdf-c39c-4095-b2ff-1346deb7be70]2024/12/12 15:44:22 INFO mlflow.sagemaker: Created endpoint configuration with arn: arn:aws:sagemaker:us-east-1:025066244860:endpoint-config/dailyweather061-config-65d3764b76da4c638c6f
[MFLOG|0|2024-12-12T14:44:23.250290Z|runtime|26b41c8a-2c7d-441f-981c-44dad3a408a0]2024/12/12 15:44:23 INFO mlflow.sagemaker: Created endpoint with arn: arn:aws:sagemaker:us-east-1:025066244860:endpoint/dailyweather061
[MFLOG|0|2024-12-12T14:44:23.250798Z|runtime|c1f1bf16-3def-40f3-99fc-b1fe305e0fd7]2024/12/12 15:44:23 INFO mlflow.sagemaker: Waiting for the deployment operation to complete...
[MFLOG|0|2024-12-12T14:44:23.399314Z|runtime|210de15f-793b-4dde-80c6-797092174de4]2024/12/12 15:44:23 INFO mlflow.sagemaker: Waiting for endpoint to reach the "InService" state. Current endpoint status: "Creating"
[MFLOG|0|2024-12-12T14:44:44.084107Z|runtime|92856ba1-d962-495f-aabe-ad2e3d950482]2024/12/12 15:44:44 INFO mlflow.sagemaker: Waiting for endpoint to reach the "InService" state. Current endpoint status: "Creating"
[MFLOG|0|2024-12-12T14:45:04.693560Z|runtime|295ffa86-7046-4001-b2be-c5ac6d429e5d]2024/12/12 15:45:04 INFO mlflow.sagemaker: Waiting for endpoint to reach the "InService" state. Current endpoint status: "Creating"
[MFLOG|0|2024-12-12T14:45:25.306638Z|runtime|bec92871-3dde-42cd-bbae-8967bb318520]2024/12/12 15:45:25 INFO mlflow.sagemaker: Waiting for endpoint to reach the "InService" state. Current endpoint status: "Creating"
[MFLOG|0|2024-12-12T14:45:45.904205Z|runtime|20a77417-93f0-4fc4-a40c-694fe400dbf7]2024/12/12 15:45:45 INFO mlflow.sagemaker: Waiting for endpoint to reach the "InService" state. Current endpoint status: "Creating"
[MFLOG|0|2024-12-12T14:46:06.527312Z|runtime|898c6853-9739-46b6-8e99-29dc5906784c]2024/12/12 15:46:06 INFO mlflow.sagemaker: Waiting for endpoint to reach the "InService" state. Current endpoint status: "Creating"
[MFLOG|0|2024-12-12T14:46:27.138601Z|runtime|fefcbe8a-6118-451d-824b-6cb9d9a9b1c2]2024/12/12 15:46:27 INFO mlflow.sagemaker: Waiting for endpoint to reach the "InService" state. Current endpoint status: "Creating"
[MFLOG|0|2024-12-12T14:46:47.856452Z|runtime|132ee62b-f3b8-4f3c-b3db-c4a4a6f2a0a3]2024/12/12 15:46:47 INFO mlflow.sagemaker: Waiting for endpoint to reach the "InService" state. Current endpoint status: "Creating"
[MFLOG|0|2024-12-12T14:47:08.448611Z|runtime|d45b9172-916c-422a-b9ac-8db6ef8fc978]2024/12/12 15:47:08 INFO mlflow.sagemaker: Waiting for endpoint to reach the "InService" state. Current endpoint status: "Creating"
[MFLOG|0|2024-12-12T14:47:29.034322Z|runtime|85992998-36b6-45eb-b954-6c59b9542e4d]2024/12/12 15:47:29 INFO mlflow.sagemaker: Waiting for endpoint to reach the "InService" state. Current endpoint status: "Creating"
[MFLOG|0|2024-12-12T14:47:49.622362Z|runtime|f4115ed7-46d7-45d3-91be-bbd6abbd27ed]2024/12/12 15:47:49 INFO mlflow.sagemaker: Waiting for endpoint to reach the "InService" state. Current endpoint status: "Creating"
[MFLOG|0|2024-12-12T14:48:10.624984Z|runtime|ff4fab95-59b8-45e8-b16b-00a8c94a0652]2024/12/12 15:48:10 INFO mlflow.sagemaker: Waiting for endpoint to reach the "InService" state. Current endpoint status: "Creating"
[MFLOG|0|2024-12-12T14:48:15.785041Z|runtime|c059fd1f-16e5-43bc-8b32-b7c7e19a7560]2024/12/12 15:48:15 INFO mlflow.sagemaker: The deployment operation completed successfully with message: "The SageMaker endpoint was created successfully."
